<?xml version="1.0" encoding="UTF-8"?>
<!-- Generated by org.testng.reporters.JUnitReportReporter -->
<testsuite hostname="TYSS-Priyatharsan_D" failures="0" tests="1" name="com.advSelenium.profiling.HomePageTest" time="0.009" errors="0" timestamp="2025-01-02T16:57:52 IST" skipped="0">
  <testcase classname="com.advSelenium.profiling.HomePageTest" name="loginTest" time="0.009"/>
  <system-out/>
</testsuite> <!-- com.advSelenium.profiling.HomePageTest -->
