<?xml version="1.0" encoding="UTF-8"?>
<!-- Generated by org.testng.reporters.JUnitReportReporter -->
<testsuite hostname="TYSS-Priyatharsan_D" failures="0" tests="1" name="com.advSelenium.profiling.PaymentTest" time="0.002" errors="0" timestamp="2025-01-02T16:57:52 IST" skipped="0">
  <testcase classname="com.advSelenium.profiling.PaymentTest" name="upi" time="0.002"/>
  <system-out/>
</testsuite> <!-- com.advSelenium.profiling.PaymentTest -->
