<?xml version="1.0" encoding="UTF-8"?>
<!-- Generated by org.testng.reporters.JUnitReportReporter -->
<testsuite hostname="TYSS-Priyatharsan_D" failures="0" tests="1" name="com.advSelenium.Utility.Test.ScreenshotTest" time="7.996" errors="0" timestamp="2024-12-27T12:26:43 IST" skipped="0">
  <testcase classname="com.advSelenium.Utility.Test.ScreenshotTest" name="screenShot" time="7.996"/>
  <system-out/>
</testsuite> <!-- com.advSelenium.Utility.Test.ScreenshotTest -->
