<?xml version="1.0" encoding="UTF-8"?>
<!-- Generated by org.testng.reporters.JUnitReportReporter -->
<testsuite hostname="TYSS-Priyatharsan_D" failures="0" tests="2" name="com.advSelenium.ConfigAnnotation.ContactTest" time="0.006" errors="0" timestamp="2025-01-02T16:29:24 IST" skipped="0">
  <testcase classname="com.advSelenium.ConfigAnnotation.ContactTest" name="createContact" time="0.003"/>
  <system-out/>
  <testcase classname="com.advSelenium.ConfigAnnotation.ContactTest" name="createContactWithDateTest" time="0.003"/>
  <system-out/>
</testsuite> <!-- com.advSelenium.ConfigAnnotation.ContactTest -->
