<?xml version="1.0" encoding="UTF-8"?>
<!-- Generated by org.testng.reporters.JUnitReportReporter -->
<testsuite hostname="TYSS-Priyatharsan_D" failures="0" tests="3" name="com.advSelenium.parallelExecution.OrgTest" time="0.009" errors="0" timestamp="2024-12-30T12:50:55 IST" skipped="0">
  <testcase classname="com.advSelenium.parallelExecution.OrgTest" name="createOrg" time="0.007"/>
  <system-out/>
  <testcase classname="com.advSelenium.parallelExecution.OrgTest" name="verifyOrg" time="0.001"/>
  <system-out/>
  <testcase classname="com.advSelenium.parallelExecution.OrgTest" name="createOrgWithIndustry" time="0.001"/>
  <system-out/>
</testsuite> <!-- com.advSelenium.parallelExecution.OrgTest -->
