<?xml version="1.0" encoding="UTF-8"?>
<!-- Generated by org.testng.reporters.JUnitReportReporter -->
<testsuite hostname="TYSS-Priyatharsan_D" failures="0" tests="1" name="com.advSelenium.parallelExecution.AmazonSearchTest" time="0.289" errors="0" timestamp="2024-12-31T15:46:03 IST" skipped="0">
  <testcase classname="com.advSelenium.parallelExecution.AmazonSearchTest" name="searchTest" time="0.289"/>
  <system-out/>
</testsuite> <!-- com.advSelenium.parallelExecution.AmazonSearchTest -->
