<?xml version="1.0" encoding="UTF-8"?>
<!-- Generated by org.testng.reporters.JUnitReportReporter -->
<testsuite hostname="TYSS-Priyatharsan_D" failures="0" tests="1" name="com.advSelenium.extentReport.Sample1" time="0.588" errors="0" timestamp="2024-12-31T11:36:24 IST" skipped="0">
  <testcase classname="com.advSelenium.extentReport.Sample1" name="test1" time="0.588"/>
  <system-out/>
</testsuite> <!-- com.advSelenium.extentReport.Sample1 -->
