<?xml version="1.0" encoding="UTF-8"?>
<!-- Generated by org.testng.reporters.JUnitReportReporter -->
<testsuite hostname="TYSS-Priyatharsan_D" failures="0" tests="2" name="com.advSelenium.parallelExecution.AmazonTest" time="17.434" errors="0" timestamp="2024-12-30T12:16:59 IST" skipped="0">
  <testcase classname="com.advSelenium.parallelExecution.AmazonTest" name="searchTest" time="10.790"/>
  <system-out/>
  <testcase classname="com.advSelenium.parallelExecution.AmazonTest" name="giftCardTest" time="6.644"/>
  <system-out/>
</testsuite> <!-- com.advSelenium.parallelExecution.AmazonTest -->
