<?xml version="1.0" encoding="UTF-8"?>
<!-- Generated by org.testng.reporters.JUnitReportReporter -->
<testsuite hostname="TYSS-Priyatharsan_D" failures="0" tests="3" name="com.advSelenium.extentReport.AmazonHomePage" time="0.022" errors="0" timestamp="2024-12-31T11:51:54 IST" skipped="0">
  <testcase classname="com.advSelenium.extentReport.AmazonHomePage" name="loginTest" time="0.003"/>
  <system-out/>
  <testcase classname="com.advSelenium.extentReport.AmazonHomePage" name="logOutTest" time="0.017"/>
  <system-out/>
  <testcase classname="com.advSelenium.extentReport.AmazonHomePage" name="registerTest" time="0.002"/>
  <system-out/>
</testsuite> <!-- com.advSelenium.extentReport.AmazonHomePage -->
