<?xml version="1.0" encoding="UTF-8"?>
<!-- Generated by org.testng.reporters.JUnitReportReporter -->
<testsuite hostname="TYSS-Priyatharsan_D" failures="0" tests="3" name="com.advSelenium.parallelExecution.ContactTest" time="0.003" errors="0" timestamp="2024-12-30T12:50:55 IST" skipped="0">
  <testcase classname="com.advSelenium.parallelExecution.ContactTest" name="createContact" time="0.001"/>
  <system-out/>
  <testcase classname="com.advSelenium.parallelExecution.ContactTest" name="deleteContact" time="0.001"/>
  <system-out/>
  <testcase classname="com.advSelenium.parallelExecution.ContactTest" name="verifyContact" time="0.001"/>
  <system-out/>
</testsuite> <!-- com.advSelenium.parallelExecution.ContactTest -->
