<?xml version="1.0" encoding="UTF-8"?>
<!-- Generated by org.testng.reporters.JUnitXMLReporter -->
<testsuite ignored="0" hostname="TYSS-Priyatharsan_D" failures="0" tests="1" name="Test-2" time="0.062" errors="0" timestamp="2024-12-31T15:39:14 IST">
  <testcase classname="com.advSelenium.parallelExecution.AmazonSearchTest" name="searchTest" time="0.0">
    <skipped/>
  </testcase> <!-- searchTest -->
</testsuite> <!-- Test-2 -->
