<?xml version="1.0" encoding="UTF-8"?>
<!-- Generated by org.testng.reporters.JUnitReportReporter -->
<testsuite hostname="TYSS-Priyatharsan_D" failures="0" tests="1" name="com.jenkinSample.HomePageTest" time="0.010" errors="0" timestamp="2025-01-03T15:09:36 IST" skipped="0">
  <testcase classname="com.jenkinSample.HomePageTest" name="messageTest" time="0.010"/>
  <system-out/>
</testsuite> <!-- com.jenkinSample.HomePageTest -->
