<?xml version="1.0" encoding="UTF-8"?>
<!-- Generated by org.testng.reporters.JUnitReportReporter -->
<testsuite hostname="TYSS-Priyatharsan_D" failures="0" tests="2" name="com.jenkinSample.LogInPageTest" time="0.003" errors="0" timestamp="2025-01-03T15:09:36 IST" skipped="0">
  <testcase classname="com.jenkinSample.LogInPageTest" name="pay" time="0.001"/>
  <system-out/>
  <testcase classname="com.jenkinSample.LogInPageTest" name="cancel" time="0.002"/>
  <system-out/>
</testsuite> <!-- com.jenkinSample.LogInPageTest -->
