<?xml version="1.0" encoding="UTF-8"?>
<!-- Generated by org.testng.reporters.JUnitReportReporter -->
<testsuite hostname="TYSS-Priyatharsan_D" failures="0" tests="1" name="com.instagram.SearchTest" time="6.012" errors="0" timestamp="2024-12-21T16:53:50 IST" skipped="0">
  <testcase classname="com.instagram.SearchTest" name="search" time="6.012"/>
  <system-out/>
</testsuite> <!-- com.instagram.SearchTest -->
